\BOOKMARK [0][-]{chapter*.3}{הקדמה}{}% 1
\BOOKMARK [1][-]{section*.4}{הבהרה}{chapter*.3}% 2
\BOOKMARK [1][-]{section*.5}{ספרות מומלצת}{chapter*.3}% 3
\BOOKMARK [1][-]{section.0.1}{תוכן הקורס}{chapter*.3}% 4
\BOOKMARK [1][-]{section.0.2}{דרישות קדם}{chapter*.3}% 5
\BOOKMARK [1][-]{section.0.3}{תרגילי בית}{chapter*.3}% 6
\BOOKMARK [1][-]{section.0.4}{ציון}{chapter*.3}% 7
\BOOKMARK [0][-]{chapter.1}{מבוא}{}% 8
\BOOKMARK [1][-]{section.1.1}{הגדרות}{chapter.1}% 9
\BOOKMARK [1][-]{section.1.2}{מבנה חלק}{chapter.1}% 10
\BOOKMARK [1][-]{section.1.3}{תתי־יריעות}{chapter.1}% 11
\BOOKMARK [1][-]{section.1.4}{נגזרות}{chapter.1}% 12
\BOOKMARK [2][-]{subsection.1.4.1}{נגזרות כיווניות}{section.1.4}% 13
\BOOKMARK [2][-]{subsection.1.4.2}{דיפרנציאלים}{section.1.4}% 14
\BOOKMARK [1][-]{section.1.5}{שיכונים}{chapter.1}% 15
\BOOKMARK [2][-]{subsection.1.5.1}{ערכים קריטיים ורגולריים}{section.1.5}% 16
\BOOKMARK [1][-]{section.1.6}{טרנסוורסליות}{chapter.1}% 17
\BOOKMARK [1][-]{section.1.7}{יריעות עם שפה}{chapter.1}% 18
\BOOKMARK [1][-]{section.1.8}{הומוטופיה}{chapter.1}% 19
\BOOKMARK [1][-]{section.1.9}{הגדרות}{chapter.1}% 20
\BOOKMARK [0][-]{chapter.2}{פיצול היחידה}{}% 21
\BOOKMARK [1][-]{section.2.1}{מטריקה רימנית}{chapter.2}% 22
\BOOKMARK [1][-]{section.2.2}{יריעות מרוכבות}{chapter.2}% 23
\BOOKMARK [0][-]{chapter.3}{תבניות פולילינאריות}{}% 24
\BOOKMARK [1][-]{section.3.1}{מכפלות חיצוניות}{chapter.3}% 25
\BOOKMARK [1][-]{section.3.2}{תבניות דיפרנציאליות}{chapter.3}% 26
\BOOKMARK [2][-]{subsection.3.2.1}{תיאור מקומי של תבניות דיפרנציאליות}{section.3.2}% 27
\BOOKMARK [1][-]{section.3.3}{אוריינטציה על יריעה}{chapter.3}% 28
\BOOKMARK [2][-]{subsection.3.3.1}{מבנה חלק על n \( M \)}{section.3.3}% 29
\BOOKMARK [1][-]{section.3.4}{מעלה של העתקה}{chapter.3}% 30
\BOOKMARK [2][-]{subsection.3.4.1}{שימושים}{section.3.4}% 31
\BOOKMARK [1][-]{section.3.5}{בחזרה לתבניות דיפרנציאליות}{chapter.3}% 32
\BOOKMARK [1][-]{section.3.6}{אופרטורים על שדות וקטוריים / פונקציות}{chapter.3}% 33
\BOOKMARK [0][-]{chapter.4}{נגזרות לי}{}% 34
