This is LuaTeX, Version 1.07.0 (MiKTeX 2.9.6840 64-bit)  (format=lualatex 2018.10.5)  5 OCT 2018 16:49
 restricted system commands enabled.
**"seminar in algebra"
("./seminar in algebra.tex"
LaTeX2e <2018-04-01> patch level 5
Lua module: luaotfload-main 2018/09/24 2.90001 OpenType layout system.
Lua module: lualibs 2018-09-21 2.6 ConTeXt Lua standard libraries.
Lua module: lualibs-extended 2018-09-21 2.6 ConTeXt Lua libraries -- extended co
llection.
luaotfload | conf : Root cache directory is C:/Users/EladT/AppData/Local/MiKTeX/
2.9/luatex-cache/generic/names.
luaotfload | init : Loading fontloader “fontloader-2018-09-24.lua” from kpse
-resolved path “C:/Users/EladT/AppData/Local/Programs/MiKTeX 2.9/tex/luatex/lu
aotfload/fontloader-2018-09-24.lua”.
Lua-only attribute luaotfload@state = 1
Lua-only attribute luaotfload@noligature = 2
Lua-only attribute luaotfload@syllabe = 3
luaotfload | init : Context OpenType loader version “3.104”
Inserting `luaotfload.node_processor' at position 1 in `pre_linebreak_filter'.
Inserting `luaotfload.node_processor' at position 1 in `hpack_filter'.
Inserting `luaotfload.define_font' at position 1 in `define_font'.
Lua-only attribute luaotfload_color_attribute = 4
luaotfload | conf : Root cache directory is C:/Users/EladT/AppData/Local/MiKTeX/
2.9/luatex-cache/generic/names.
Inserting `luaotfload.aux.set_sscale_dimens' at position 1 in `luaotfload.patch_
font'.
Inserting `luaotfload.aux.patch_cambria_domh' at position 2 in `luaotfload.patch
_font'.
Inserting `luaotfload.aux.fixup_fontdata' at position 1 in `luaotfload.patch_fon
t_unsafe'.
Inserting `luaotfload.aux.set_capheight' at position 3 in `luaotfload.patch_font
'.
Inserting `luaotfload.rewrite_fontname' at position 4 in `luaotfload.patch_font'
.
luaotfload | main : initialization completed in 0.828 seconds ("C:/Users/EladT/
AppData/Local/Programs/MiKTeX 2.9/tex/latex/base/book.cls"
Document Class: book 2014/09/29 v1.4h Standard LaTeX document class
("C:/Users/EladT/AppData/Local/Programs/MiKTeX 2.9/tex/latex/base/bk10.clo"
File: bk10.clo 2014/09/29 v1.4h Standard LaTeX file (size option)
luaotfload | db : Font names database loaded from C:/Users/EladT/AppData/Local/M
iKTeX/2.9/luatex-cache/generic/names/luaotfload-names.luc)
\c@part=\count80
\c@chapter=\count81
\c@section=\count82
\c@subsection=\count83
\c@subsubsection=\count84
\c@paragraph=\count85
\c@subparagraph=\count86
\c@figure=\count87
\c@table=\count88
\abovecaptionskip=\skip41
\belowcaptionskip=\skip42
\bibindent=\dimen102
)
(C:/localtexmf/tex/latex/maths/maths.sty
Package: maths 2018/06/16 Mathematics Macros

("C:/Users/EladT/AppData/Local/Programs/MiKTeX 2.9/tex/latex/amsmath/amsmath.st
y"
Package: amsmath 2017/09/02 v2.17a AMS math features
\@mathmargin=\skip43

For additional information on amsmath, use the `?' option.

("C:/Users/EladT/AppData/Local/Programs/MiKTeX 2.9/tex/latex/amsmath/amstext.st
y"
Package: amstext 2000/06/29 v2.01 AMS text

("C:/Users/EladT/AppData/Local/Programs/MiKTeX 2.9/tex/latex/amsmath/amsgen.sty
"
File: amsgen.sty 1999/11/30 v2.0 generic functions
\@emptytoks=\toks14
\ex@=\dimen103
))
("C:/Users/EladT/AppData/Local/Programs/MiKTeX 2.9/tex/latex/amsmath/amsbsy.sty
"
Package: amsbsy 1999/11/29 v1.2d Bold Symbols
\pmbraise@=\dimen104
)
("C:/Users/EladT/AppData/Local/Programs/MiKTeX 2.9/tex/latex/amsmath/amsopn.sty
"
Package: amsopn 2016/03/08 v2.02 operator names
)
\inf@bad=\count89
LaTeX Info: Redefining \frac on input line 213.
\uproot@=\count90
\leftroot@=\count91
LaTeX Info: Redefining \overline on input line 375.
\classnum@=\count92
\DOTSCASE@=\count93
LaTeX Info: Redefining \ldots on input line 472.
LaTeX Info: Redefining \dots on input line 475.
LaTeX Info: Redefining \cdots on input line 596.
\Mathstrutbox@=\box26
\strutbox@=\box27
\big@size=\dimen105
LaTeX Font Info:    Redeclaring font encoding OML on input line 712.
LaTeX Font Info:    Redeclaring font encoding OMS on input line 713.
\macc@depth=\count94
\c@MaxMatrixCols=\count95
\dotsspace@=\muskip10
\c@parentequation=\count96
\dspbrk@lvl=\count97
\tag@help=\toks15
\row@=\count98
\column@=\count99
\maxfields@=\count100
\andhelp@=\toks16
\eqnshift@=\dimen106
\alignsep@=\dimen107
\tagshift@=\dimen108
\tagwidth@=\dimen109
\totwidth@=\dimen110
\lineht@=\dimen111
\@envbody=\toks17
\multlinegap=\skip44
\multlinetaggap=\skip45
\mathdisplay@stack=\toks18
LaTeX Info: Redefining \[ on input line 2817.
LaTeX Info: Redefining \] on input line 2818.
)
("C:/Users/EladT/AppData/Local/Programs/MiKTeX 2.9/tex/latex/amsfonts/amsfonts.
sty"
Package: amsfonts 2013/01/14 v3.01 Basic AMSFonts support
\symAMSa=\mathgroup4
\symAMSb=\mathgroup5
LaTeX Font Info:    Overwriting math alphabet `\mathfrak' in version `bold'
(Font)                  U/euf/m/n --> U/euf/b/n on input line 106.
)
("C:/Users/EladT/AppData/Local/Programs/MiKTeX 2.9/tex/latex/amsfonts/amssymb.s
ty"
Package: amssymb 2013/01/14 v3.01 AMS font symbols
)
("C:/Users/EladT/AppData/Local/Programs/MiKTeX 2.9/tex/latex/jknappen/mathrsfs.
sty"
Package: mathrsfs 1996/01/01 Math RSFS package v1.0 (jk)
\symrsfs=\mathgroup6
)
("C:/Users/EladT/AppData/Local/Programs/MiKTeX 2.9/tex/latex/mathtools/mathtool
s.sty"
Package: mathtools 2018/01/08 v1.21 mathematical typesetting tools

("C:/Users/EladT/AppData/Local/Programs/MiKTeX 2.9/tex/latex/graphics/keyval.st
y"
Package: keyval 2014/10/28 v1.15 key=value parser (DPC)
\KV@toks@=\toks19
) ("C:/Users/EladT/AppData/Local/Programs/MiKTeX 2.9/tex/latex/tools/calc.sty"
Package: calc 2017/05/25 v4.3 Infix arithmetic (KKT,FJ)
\calc@Acount=\count101
\calc@Bcount=\count102
\calc@Adimen=\dimen112
\calc@Bdimen=\dimen113
\calc@Askip=\skip46
\calc@Bskip=\skip47
LaTeX Info: Redefining \setlength on input line 80.
LaTeX Info: Redefining \addtolength on input line 81.
\calc@Ccount=\count103
\calc@Cskip=\skip48
)
("C:/Users/EladT/AppData/Local/Programs/MiKTeX 2.9/tex/latex/mathtools/mhsetup.
sty"
Package: mhsetup 2017/03/31 v1.3 programming setup (MH)
)
LaTeX Info: Thecontrolsequence`\('isalreadyrobust on input line 129.
LaTeX Info: Thecontrolsequence`\)'isalreadyrobust on input line 129.
LaTeX Info: Thecontrolsequence`\['isalreadyrobust on input line 129.
LaTeX Info: Thecontrolsequence`\]'isalreadyrobust on input line 129.
\g_MT_multlinerow_int=\count104
\l_MT_multwidth_dim=\dimen114
\origjot=\skip49
\l_MT_shortvdotswithinadjustabove_dim=\dimen115
\l_MT_shortvdotswithinadjustbelow_dim=\dimen116
\l_MT_above_intertext_sep=\dimen117
\l_MT_below_intertext_sep=\dimen118
\l_MT_above_shortintertext_sep=\dimen119
\l_MT_below_shortintertext_sep=\dimen120
)
("C:/Users/EladT/AppData/Local/Programs/MiKTeX 2.9/tex/latex/l3packages/xparse/
xparse.sty"
("C:/Users/EladT/AppData/Local/Programs/MiKTeX 2.9/tex/latex/l3kernel/expl3.sty
"
Package: expl3 2018-09-24 L3 programming layer (loader) 

("C:/Users/EladT/AppData/Local/Programs/MiKTeX 2.9/tex/latex/l3kernel/expl3-cod
e.tex"
Package: expl3 2018-09-24 L3 programming layer (code)
\ucharcat@table=\catcodetable5
\c_max_int=\count105
\l_tmpa_int=\count106
\l_tmpb_int=\count107
\g_tmpa_int=\count108
\g_tmpb_int=\count109
\g__kernel_prg_map_int=\count110
\c_log_iow=\count111
\l_iow_line_count_int=\count112
\l__iow_line_target_int=\count113
\l__iow_one_indent_int=\count114
\l__iow_indent_int=\count115
\c_zero_dim=\dimen121
\c_max_dim=\dimen122
\l_tmpa_dim=\dimen123
\l_tmpb_dim=\dimen124
\g_tmpa_dim=\dimen125
\g_tmpb_dim=\dimen126
\c_zero_skip=\skip50
\c_max_skip=\skip51
\l_tmpa_skip=\skip52
\l_tmpb_skip=\skip53
\g_tmpa_skip=\skip54
\g_tmpb_skip=\skip55
\c_zero_muskip=\muskip11
\c_max_muskip=\muskip12
\l_tmpa_muskip=\muskip13
\l_tmpb_muskip=\muskip14
\g_tmpa_muskip=\muskip15
\g_tmpb_muskip=\muskip16
\l_keys_choice_int=\count116
\l__intarray_loop_int=\count117
\c__intarray_sp_dim=\dimen127
\g__intarray_font_int=\count118
\c__fp_leading_shift_int=\count119
\c__fp_middle_shift_int=\count120
\c__fp_trailing_shift_int=\count121
\c__fp_big_leading_shift_int=\count122
\c__fp_big_middle_shift_int=\count123
\c__fp_big_trailing_shift_int=\count124
\c__fp_Bigg_leading_shift_int=\count125
\c__fp_Bigg_middle_shift_int=\count126
\c__fp_Bigg_trailing_shift_int=\count127
\g__fp_array_int=\count128
\l__fp_array_loop_int=\count129
\l__sort_length_int=\count130
\l__sort_min_int=\count131
\l__sort_top_int=\count132
\l__sort_max_int=\count133
\l__sort_true_max_int=\count134
\l__sort_block_int=\count135
\l__sort_begin_int=\count136
\l__sort_end_int=\count137
\l__sort_A_int=\count138
\l__sort_B_int=\count139
\l__sort_C_int=\count140
\l__tl_analysis_normal_int=\count141
\l__tl_analysis_index_int=\count142
\l__tl_analysis_nesting_int=\count143
\l__tl_analysis_type_int=\count144
\l__regex_internal_a_int=\count145
\l__regex_internal_b_int=\count146
\l__regex_internal_c_int=\count147
\l__regex_balance_int=\count148
\l__regex_group_level_int=\count149
\l__regex_mode_int=\count150
\c__regex_cs_in_class_mode_int=\count151
\c__regex_cs_mode_int=\count152
\l__regex_catcodes_int=\count153
\l__regex_default_catcodes_int=\count154
\c__regex_catcode_L_int=\count155
\c__regex_catcode_O_int=\count156
\c__regex_catcode_A_int=\count157
\c__regex_all_catcodes_int=\count158
\l__regex_show_lines_int=\count159
\l__regex_min_state_int=\count160
\l__regex_max_state_int=\count161
\l__regex_left_state_int=\count162
\l__regex_right_state_int=\count163
\l__regex_capturing_group_int=\count164
\l__regex_min_pos_int=\count165
\l__regex_max_pos_int=\count166
\l__regex_curr_pos_int=\count167
\l__regex_start_pos_int=\count168
\l__regex_success_pos_int=\count169
\l__regex_curr_char_int=\count170
\l__regex_curr_catcode_int=\count171
\l__regex_last_char_int=\count172
\l__regex_case_changed_char_int=\count173
\l__regex_curr_state_int=\count174
\l__regex_step_int=\count175
\l__regex_min_active_int=\count176
\l__regex_max_active_int=\count177
\l__regex_replacement_csnames_int=\count178
\l__regex_match_count_int=\count179
\l__regex_min_submatch_int=\count180
\l__regex_submatch_int=\count181
\l__regex_zeroth_submatch_int=\count182
\g__regex_trace_regex_int=\count183
\c_empty_box=\box28
\l_tmpa_box=\box29
\l_tmpb_box=\box30
\g_tmpa_box=\box31
\g_tmpb_box=\box32
\l__box_top_dim=\dimen128
\l__box_bottom_dim=\dimen129
\l__box_left_dim=\dimen130
\l__box_right_dim=\dimen131
\l__box_top_new_dim=\dimen132
\l__box_bottom_new_dim=\dimen133
\l__box_left_new_dim=\dimen134
\l__box_right_new_dim=\dimen135
\l__box_internal_box=\box33
\l__coffin_internal_box=\box34
\l__coffin_internal_dim=\dimen136
\l__coffin_offset_x_dim=\dimen137
\l__coffin_offset_y_dim=\dimen138
\l__coffin_x_dim=\dimen139
\l__coffin_y_dim=\dimen140
\l__coffin_x_prime_dim=\dimen141
\l__coffin_y_prime_dim=\dimen142
\c_empty_coffin=\box35
\l__coffin_aligned_coffin=\box36
\l__coffin_aligned_internal_coffin=\box37
\l_tmpa_coffin=\box38
\l_tmpb_coffin=\box39
\l__coffin_display_coffin=\box40
\l__coffin_display_coord_coffin=\box41
\l__coffin_display_pole_coffin=\box42
\l__coffin_display_offset_dim=\dimen143
\l__coffin_display_x_dim=\dimen144
\l__coffin_display_y_dim=\dimen145
\g__file_internal_ior=\read1
\l__coffin_bounding_shift_dim=\dimen146
\l__coffin_left_corner_dim=\dimen147
\l__coffin_right_corner_dim=\dimen148
\l__coffin_bottom_corner_dim=\dimen149
\l__coffin_top_corner_dim=\dimen150
\l__coffin_scaled_total_height_dim=\dimen151
\l__coffin_scaled_width_dim=\dimen152
\l__seq_internal_a_int=\count184
\l__seq_internal_b_int=\count185
)
("C:/Users/EladT/AppData/Local/Programs/MiKTeX 2.9/tex/latex/l3kernel/l3pdfmode
.def"
File: l3pdfmode.def 2018-09-24 v L3 Experimental driver: PDF mode
\l__driver_color_stack_int=\count186
))
Package: xparse 2018-09-24 L3 Experimental document command parser
\l__xparse_current_arg_int=\count187
\g__xparse_grabber_int=\count188
\l__xparse_m_args_int=\count189
\l__xparse_mandatory_args_int=\count190
\l__xparse_v_nesting_int=\count191
)
("C:/Users/EladT/AppData/Local/Programs/MiKTeX 2.9/tex/latex/comment/comment.st
y"
\CommentStream=\write3
 Excluding comment 'comment')
("C:/Users/EladT/AppData/Local/Programs/MiKTeX 2.9/tex/latex/lipsum/lipsum.sty"
Package: lipsum 2014/07/27 v1.3 150 paragraphs of Lorem Ipsum dummy text
\c@lips@count=\count192
) ("C:/Users/EladT/AppData/Local/Programs/MiKTeX 2.9/tex/latex/xcolor/xcolor.st
y"
Package: xcolor 2016/05/11 v2.12 LaTeX color extensions (UK)

("C:/Users/EladT/AppData/Local/Programs/MiKTeX 2.9/tex/latex/graphics-cfg/color
.cfg"
File: color.cfg 2016/01/02 v1.6 sample color configuration
)
Package xcolor Info: Driver file: luatex.def on input line 225.

("C:/Users/EladT/AppData/Local/Programs/MiKTeX 2.9/tex/latex/graphics-def/luate
x.def"
File: luatex.def 2018/01/08 v1.0l Graphics/color driver for luatex
)
Package xcolor Info: Model `cmy' substituted by `cmy0' on input line 1348.
Package xcolor Info: Model `hsb' substituted by `rgb' on input line 1352.
Package xcolor Info: Model `RGB' extended on input line 1364.
Package xcolor Info: Model `HTML' substituted by `rgb' on input line 1366.
Package xcolor Info: Model `Hsb' substituted by `hsb' on input line 1367.
Package xcolor Info: Model `tHsb' substituted by `hsb' on input line 1368.
Package xcolor Info: Model `HSB' substituted by `hsb' on input line 1369.
Package xcolor Info: Model `Gray' substituted by `gray' on input line 1370.
Package xcolor Info: Model `wave' substituted by `hsb' on input line 1371.
)
("C:/Users/EladT/AppData/Local/Programs/MiKTeX 2.9/tex/latex/caption/caption.st
y"
Package: caption 2018/05/01 v3.3-147 Customizing captions (AR)

("C:/Users/EladT/AppData/Local/Programs/MiKTeX 2.9/tex/latex/caption/caption3.s
ty"
Package: caption3 2018/05/27 v1.8a caption3 kernel (AR)
Package caption3 Info: TeX engine: e-TeX on input line 64.
\captionmargin=\dimen153
\captionmargin@=\dimen154
\captionwidth=\dimen155
\caption@tempdima=\dimen156
\caption@indent=\dimen157
\caption@parindent=\dimen158
\caption@hangindent=\dimen159
)
\c@ContinuedFloat=\count193
)
("C:/Users/EladT/AppData/Local/Programs/MiKTeX 2.9/tex/latex/geometry/geometry.
sty"
Package: geometry 2018/04/16 v5.8 Page Geometry

("C:/Users/EladT/AppData/Local/Programs/MiKTeX 2.9/tex/generic/oberdiek/ifpdf.s
ty"
Package: ifpdf 2018/09/07 v3.3 Provides the ifpdf switch
)
("C:/Users/EladT/AppData/Local/Programs/MiKTeX 2.9/tex/generic/oberdiek/ifvtex.
sty"
Package: ifvtex 2016/05/16 v1.6 Detect VTeX and its facilities (HO)
Package ifvtex Info: VTeX not detected.
)
("C:/Users/EladT/AppData/Local/Programs/MiKTeX 2.9/tex/generic/ifxetex/ifxetex.
sty"
Package: ifxetex 2010/09/12 v0.6 Provides ifxetex conditional
)
\Gm@cnth=\count194
\Gm@cntv=\count195
\c@Gm@tempcnt=\count196
\Gm@bindingoffset=\dimen160
\Gm@wd@mp=\dimen161
\Gm@odd@mp=\dimen162
\Gm@even@mp=\dimen163
\Gm@layoutwidth=\dimen164
\Gm@layoutheight=\dimen165
\Gm@layouthoffset=\dimen166
\Gm@layoutvoffset=\dimen167
\Gm@dimlist=\toks20

("C:/Users/EladT/AppData/Local/Programs/MiKTeX 2.9/tex/latex/geometry/geometry.
cfg"))
("C:/Users/EladT/AppData/Local/Programs/MiKTeX 2.9/tex/latex/fancyhdr/fancyhdr.
sty"
Package: fancyhdr 2017/06/30 v3.9a Extensive control of page headers and footers

\f@nch@headwidth=\skip56
\f@nch@O@elh=\skip57
\f@nch@O@erh=\skip58
\f@nch@O@olh=\skip59
\f@nch@O@orh=\skip60
\f@nch@O@elf=\skip61
\f@nch@O@erf=\skip62
\f@nch@O@olf=\skip63
\f@nch@O@orf=\skip64
)
\pageoffset=\skip65

("C:/Users/EladT/AppData/Local/Programs/MiKTeX 2.9/tex/latex/emptypage/emptypag
e.sty"
Package: emptypage 2010/05/30 v1.2 Suppress page numbers and headings on empty p
ages
)
.................................................
. LaTeX info: "xparse/define-command"
. 
. Defining command \frontpage with sig. 'ggg' on line 85.
.................................................

("C:/Users/EladT/AppData/Local/Programs/MiKTeX 2.9/tex/generic/genmisc/nth.sty"
Package: nth 2002/02/27
)
("C:/Users/EladT/AppData/Local/Programs/MiKTeX 2.9/tex/latex/hyperref/hyperref.
sty"
Package: hyperref 2018/09/30 v6.88a Hypertext links for LaTeX

("C:/Users/EladT/AppData/Local/Programs/MiKTeX 2.9/tex/generic/oberdiek/hobsub-
hyperref.sty"
Package: hobsub-hyperref 2016/05/16 v1.14 Bundle oberdiek, subset hyperref (HO)

("C:/Users/EladT/AppData/Local/Programs/MiKTeX 2.9/tex/generic/oberdiek/hobsub-
generic.sty"
Package: hobsub-generic 2016/05/16 v1.14 Bundle oberdiek, subset generic (HO)
Package: hobsub 2016/05/16 v1.14 Construct package bundles (HO)
Package: infwarerr 2016/05/16 v1.4 Providing info/warning/error messages (HO)
Package: ltxcmds 2016/05/16 v1.23 LaTeX kernel commands for general use (HO)
Package: ifluatex 2016/05/16 v1.4 Provides the ifluatex switch (HO)
Package ifluatex Info: LuaTeX detected.
Package hobsub Info: Skipping package `ifvtex' (already loaded).
Package: intcalc 2016/05/16 v1.2 Expandable calculations with integers (HO)
Package hobsub Info: Skipping package `ifpdf' (already loaded).
Package: etexcmds 2016/05/16 v1.6 Avoid name clashes with e-TeX commands (HO)
Package: kvsetkeys 2016/05/16 v1.17 Key value parser (HO)
Package: kvdefinekeys 2016/05/16 v1.4 Define keys (HO)
Package: luatex-loader 2016/05/16 v0.6 Lua module loader (HO)

(C:/Users/EladT/AppData/Local/Programs/MiKTeX 2.9/scripts/oberdiek/oberdiek.luat
ex.lua)
Package: pdftexcmds 2018/09/10 v0.29 Utility functions of pdfTeX for LuaTeX (HO)

Package pdftexcmds Info: \pdf@primitive is available.
Package pdftexcmds Info: \pdf@ifprimitive is available.
Package pdftexcmds Info: \pdfdraftmode found.
\pdftexcmds@toks=\toks21
Package: pdfescape 2016/05/16 v1.14 Implements pdfTeX's escape features (HO)
Package: bigintcalc 2016/05/16 v1.4 Expandable calculations on big integers (HO)

Package: bitset 2016/05/16 v1.2 Handle bit-vector datatype (HO)
Package: uniquecounter 2016/05/16 v1.3 Provide unlimited unique counter (HO)
)
Package hobsub Info: Skipping package `hobsub' (already loaded).
Package: letltxmacro 2016/05/16 v1.5 Let assignment for LaTeX macros (HO)
Package: hopatch 2016/05/16 v1.3 Wrapper for package hooks (HO)
Package: xcolor-patch 2016/05/16 xcolor patch
Package: atveryend 2016/05/16 v1.9 Hooks at the very end of document (HO)
Package atveryend Info: \enddocument detected (standard20110627).
Package: atbegshi 2016/06/09 v1.18 At begin shipout hook (HO)
Package: refcount 2016/05/16 v3.5 Data extraction from label references (HO)
Package: hycolor 2016/05/16 v1.8 Color options for hyperref/bookmark (HO)
)
("C:/Users/EladT/AppData/Local/Programs/MiKTeX 2.9/tex/latex/oberdiek/auxhook.s
ty"
Package: auxhook 2016/05/16 v1.4 Hooks for auxiliary files (HO)
)
("C:/Users/EladT/AppData/Local/Programs/MiKTeX 2.9/tex/latex/oberdiek/kvoptions
.sty"
Package: kvoptions 2016/05/16 v3.12 Key value format for package options (HO)
)
\@linkdim=\dimen168
\Hy@linkcounter=\count197
\Hy@pagecounter=\count198

("C:/Users/EladT/AppData/Local/Programs/MiKTeX 2.9/tex/latex/hyperref/pd1enc.de
f"
File: pd1enc.def 2018/09/30 v6.88a Hyperref: PDFDocEncoding definition (HO)
)
\Hy@SavedSpaceFactor=\count199

("C:/Users/EladT/AppData/Local/Programs/MiKTeX 2.9/tex/latex/00miktex/hyperref.
cfg"
File: hyperref.cfg 2002/06/06 v1.2 hyperref configuration of TeXLive
)
Package hyperref Info: Option `colorlinks' set `true' on input line 4409.
Package hyperref Info: Hyper figures OFF on input line 4535.
Package hyperref Info: Link nesting OFF on input line 4540.
Package hyperref Info: Hyper index ON on input line 4543.
Package hyperref Info: Plain pages OFF on input line 4550.
Package hyperref Info: Backreferencing OFF on input line 4555.
Package hyperref Info: Implicit mode ON; LaTeX internals redefined.
Package hyperref Info: Bookmarks ON on input line 4788.
\c@Hy@tempcnt=\count266
 ("C:/Users/EladT/AppData/Local/Programs/MiKTeX 2.9/tex/latex/url/url.sty"
\Urlmuskip=\muskip17
Package: url 2013/09/16  ver 3.4  Verb mode for urls, etc.
)
LaTeX Info: Redefining \url on input line 5141.
\XeTeXLinkMargin=\dimen169
\Fld@menulength=\count267
\Field@Width=\dimen170
\Fld@charsize=\dimen171
Package hyperref Info: Hyper figures OFF on input line 6396.
Package hyperref Info: Link nesting OFF on input line 6401.
Package hyperref Info: Hyper index ON on input line 6404.
Package hyperref Info: backreferencing OFF on input line 6411.
Package hyperref Info: Link coloring ON on input line 6414.
Package hyperref Info: Link coloring with OCG OFF on input line 6421.
Package hyperref Info: PDF/A mode OFF on input line 6426.
LaTeX Info: Redefining \ref on input line 6466.
LaTeX Info: Redefining \pageref on input line 6470.
\Hy@abspage=\count268
\c@Item=\count269
\c@Hfootnote=\count270
)
Package hyperref Info: Driver (autodetected): hluatex.

("C:/Users/EladT/AppData/Local/Programs/MiKTeX 2.9/tex/latex/hyperref/hluatex.d
ef"
File: hluatex.def 2018/09/30 v6.88a Hyperref driver for luaTeX
\Fld@listcount=\count271
\c@bookmark@seq@number=\count272

("C:/Users/EladT/AppData/Local/Programs/MiKTeX 2.9/tex/latex/oberdiek/rerunfile
check.sty"
Package: rerunfilecheck 2016/05/16 v1.8 Rerun checks for auxiliary files (HO)
Package uniquecounter Info: New unique counter `rerunfilecheck' on input line 28
2.
)
\Hy@SectionHShift=\skip66
)
("C:/Users/EladT/AppData/Local/Programs/MiKTeX 2.9/tex/latex/doublestroke/dsfon
t.sty"
Package: dsfont 1995/08/01 v0.1 Double stroke roman fonts
)
.................................................
. LaTeX info: "xparse/define-command"
. 
. Defining command \set with sig. 'mg' on line 325.
.................................................
.................................................
. LaTeX info: "xparse/define-command"
. 
. Defining command \trs with sig. 'mg' on line 331.
.................................................

("C:/Users/EladT/AppData/Local/Programs/MiKTeX 2.9/tex/latex/etoolbox/etoolbox.
sty"
Package: etoolbox 2018/08/19 v2.5f e-TeX tools for LaTeX (JAW)
\etb@tempcnta=\count273
)
("C:/Users/EladT/AppData/Local/Programs/MiKTeX 2.9/tex/latex/ntheorem/ntheorem.
sty"
Style `ntheorem', Version 1.33 <2011/08/15>
Package: ntheorem 2011/08/15 1.33
("C:/Users/EladT/AppData/Local/Programs/MiKTeX 2.9/tex/latex/base/ifthen.sty"
Package: ifthen 2014/09/29 v1.1c Standard LaTeX ifthen package (DPC)
)
\theorem@style=\toks22
\theorem@@style=\toks23
\theorembodyfont=\toks24
\theoremnumbering=\toks25
\theorempreskipamount=\skip67
\theorempostskipamount=\skip68
\theoremframepreskipamount=\skip69
\theoremframepostskipamount=\skip70
\theoreminframepreskipamount=\skip71
\theoreminframepostskipamount=\skip72
\theorem@preskip=\toks26
\theorem@postskip=\toks27
\theorem@framepreskip=\toks28
\theorem@framepostskip=\toks29
\theorem@inframepreskip=\toks30
\theorem@inframepostskip=\toks31
\theoremindent=\dimen172
\theorem@indent=\dimen173
\theoremrightindent=\dimen174
\theorem@rightindent=\dimen175
\theoremheaderfont=\toks32
\theoremseparator=\toks33
\theoremprework=\toks34
\theorempostwork=\toks35
\theoremsymbol=\toks36
\qedsymbol=\toks37
\theoremkeyword=\toks38
\qedsymbol=\toks39
\thm@topsep=\skip73
\thm@topsepadd=\skip74
Package ntheorem Info: Option `thmmarks' loaded on input line 1175.
\c@endNonectr=\count274
\c@currNonectr=\count275
\mysavskip=\skip75
Package ntheorem Info: option `amsmath' handling for `thmmarks' loaded on input 
line 1175.
\thm@amstmpdepth=\dimen176
\tagwidth=\dimen177
)
\c@currproofctr=\count276
\c@endproofctr=\count277
\c@proof=\count278
\c@currtheoremctr=\count279
\c@endtheoremctr=\count280
\c@theorem=\count281
\c@currlemmactr=\count282
\c@endlemmactr=\count283
\c@currcorollaryctr=\count284
\c@endcorollaryctr=\count285
\c@currpropositionctr=\count286
\c@endpropositionctr=\count287
\c@currconjecturectr=\count288
\c@endconjecturectr=\count289
\c@currcriterionctr=\count290
\c@endcriterionctr=\count291
\c@currassertionctr=\count292
\c@endassertionctr=\count293
\c@currfactctr=\count294
\c@endfactctr=\count295
\c@currhypothesisctr=\count296
\c@endhypothesisctr=\count297
\c@currdefinitionctr=\count298
\c@enddefinitionctr=\count299
\c@currconditionctr=\count300
\c@endconditionctr=\count301
\c@curraxiomctr=\count302
\c@endaxiomctr=\count303
\c@axiom=\count304
\c@currpostulatectr=\count305
\c@endpostulatectr=\count306
\c@currpropertyctr=\count307
\c@endpropertyctr=\count308
\c@currproblemctr=\count309
\c@endproblemctr=\count310
\c@currexamplectr=\count311
\c@endexamplectr=\count312
\c@example=\count313
\c@currexercisectr=\count314
\c@endexercisectr=\count315
\c@exercise=\count316
\c@curralgorithmctr=\count317
\c@endalgorithmctr=\count318
\c@currquestionctr=\count319
\c@endquestionctr=\count320
\c@currassumptionctr=\count321
\c@endassumptionctr=\count322
\c@currremarkctr=\count323
\c@endremarkctr=\count324
\c@currnotectr=\count325
\c@endnotectr=\count326
\c@currnotationctr=\count327
\c@endnotationctr=\count328
\c@currclaimctr=\count329
\c@endclaimctr=\count330
\c@currsummaryctr=\count331
\c@endsummaryctr=\count332
\c@summary=\count333
\c@curracknowledgementctr=\count334
\c@endacknowledgementctr=\count335
\c@currcasectr=\count336
\c@endcasectr=\count337
\c@case=\count338
\c@curroptionctr=\count339
\c@endoptionctr=\count340
\c@option=\count341
\c@currconclusionctr=\count342
\c@endconclusionctr=\count343
\c@conclusion=\count344
\c@currsolutionctr=\count345
\c@endsolutionctr=\count346
\c@solution=\count347
Excluding 'comment' comment.
\c@currexms_rawctr=\count348
\c@endexms_rawctr=\count349
\c@exms_raw=\count350
\c@currexrs_rawctr=\count351
\c@endexrs_rawctr=\count352
\c@exrs_raw=\count353
) ("./seminar in algebra.aux")
\openout1 = seminar in algebra.aux

LaTeX Font Info:    Checking defaults for OML/cmm/m/it on input line 8.
LaTeX Font Info:    ... okay on input line 8.
LaTeX Font Info:    Checking defaults for T1/cmr/m/n on input line 8.
LaTeX Font Info:    ... okay on input line 8.
LaTeX Font Info:    Checking defaults for OT1/cmr/m/n on input line 8.
LaTeX Font Info:    ... okay on input line 8.
LaTeX Font Info:    Checking defaults for OMS/cmsy/m/n on input line 8.
LaTeX Font Info:    ... okay on input line 8.
LaTeX Font Info:    Checking defaults for TU/lmr/m/n on input line 8.
LaTeX Font Info:    ... okay on input line 8.
LaTeX Font Info:    Checking defaults for OMX/cmex/m/n on input line 8.
LaTeX Font Info:    ... okay on input line 8.
LaTeX Font Info:    Checking defaults for U/cmr/m/n on input line 8.
LaTeX Font Info:    ... okay on input line 8.
LaTeX Font Info:    Checking defaults for PD1/pdf/m/n on input line 8.
LaTeX Font Info:    ... okay on input line 8.

("C:/Users/EladT/AppData/Local/Programs/MiKTeX 2.9/tex/latex/graphics/graphicx.
sty"
Package: graphicx 2017/06/01 v1.1a Enhanced LaTeX Graphics (DPC,SPQR)

("C:/Users/EladT/AppData/Local/Programs/MiKTeX 2.9/tex/latex/graphics/graphics.
sty"
Package: graphics 2017/06/25 v1.2c Standard LaTeX Graphics (DPC,SPQR)

("C:/Users/EladT/AppData/Local/Programs/MiKTeX 2.9/tex/latex/graphics/trig.sty"
Package: trig 2016/01/03 v1.10 sin cos tan (DPC)
)
("C:/Users/EladT/AppData/Local/Programs/MiKTeX 2.9/tex/latex/graphics-cfg/graph
ics.cfg"
File: graphics.cfg 2016/06/04 v1.11 sample graphics configuration
)
Package graphics Info: Driver file: luatex.def on input line 99.
)
\Gin@req@height=\dimen178
\Gin@req@width=\dimen179
)
("C:/Users/EladT/AppData/Local/Programs/MiKTeX 2.9/tex/context/base/supp-pdf.mk
ii"
[Loading MPS to PDF converter (version 2006.09.02).]
\scratchcounter=\count354
\scratchdimen=\dimen180
\scratchbox=\box43
\nofMPsegments=\count355
\nofMParguments=\count356
\everyMPshowfont=\toks40
\MPscratchCnt=\count357
\MPscratchDim=\dimen181
\MPnumerator=\count358
\makeMPintoPDFobject=\count359
\everyMPtoPDFconversion=\toks41
)
("C:/Users/EladT/AppData/Local/Programs/MiKTeX 2.9/tex/latex/oberdiek/epstopdf-
base.sty"
Package: epstopdf-base 2016/05/15 v2.6 Base part for package epstopdf

("C:/Users/EladT/AppData/Local/Programs/MiKTeX 2.9/tex/latex/oberdiek/grfext.st
y"
Package: grfext 2016/05/16 v1.2 Manage graphics extensions (HO)
)
Package epstopdf-base Info: Redefining graphics rule for `.eps' on input line 43
8.
Package grfext Info: Graphics extension search list:
(grfext)             [.pdf,.png,.jpg,.mps,.jpeg,.jbig2,.jb2,.PDF,.PNG,.JPG,.JPEG
,.JBIG2,.JB2,.eps]
(grfext)             \AppendGraphicsExtensions on input line 456.
)
Package caption Info: Begin \AtBeginDocument code.
Package caption Info: hyperref package is loaded.
Package caption Info: End \AtBeginDocument code.

*geometry* driver: auto-detecting
*geometry* detected driver: luatex
*geometry* verbose mode - [ preamble ] result:
* driver: luatex
* paper: a4paper
* layout: <same size as paper>
* layoutoffset:(h,v)=(0.0pt,0.0pt)
* modes: twoside 
* h-part:(L,W,R)=(28.45274pt, 483.69687pt, 85.35826pt)
* v-part:(T,H,B)=(56.9055pt, 731.23584pt, 56.9055pt)
* \paperwidth=597.50787pt
* \paperheight=845.04684pt
* \textwidth=483.69687pt
* \textheight=731.23584pt
* \oddsidemargin=-43.81725pt
* \evensidemargin=13.08827pt
* \topmargin=-45.43198pt
* \headheight=12.0pt
* \headsep=18.06749pt
* \topskip=10.0pt
* \footskip=25.29494pt
* \marginparwidth=56.9055pt
* \marginparsep=7.0pt
* \columnsep=10.0pt
* \skip\footins=9.0pt plus 4.0pt minus 2.0pt
* \hoffset=0.0pt
* \voffset=0.0pt
* \mag=1000
* \@twocolumnfalse
* \@twosidetrue
* \@mparswitchtrue
* \@reversemarginfalse
* (1in=72.27pt=25.4mm, 1cm=28.453pt)

\AtBeginShipoutBox=\box44
Package hyperref Info: Link coloring ON on input line 8.

("C:/Users/EladT/AppData/Local/Programs/MiKTeX 2.9/tex/latex/hyperref/nameref.s
ty"
Package: nameref 2016/05/21 v2.44 Cross-referencing by name of section

("C:/Users/EladT/AppData/Local/Programs/MiKTeX 2.9/tex/generic/oberdiek/gettitl
estring.sty"
Package: gettitlestring 2016/05/16 v1.5 Cleanup title references (HO)
)
\c@section@level=\count360
)
LaTeX Info: Redefining \ref on input line 8.
LaTeX Info: Redefining \pageref on input line 8.
LaTeX Info: Redefining \nameref on input line 8.
 ("./seminar in algebra.out") ("./seminar in algebra.out")
\@outlinefile=\write4

\openout4 = seminar in algebra.out
<sources/Wheat_Field_Under_Clouded_Sky.jpg, id=15, 1927.2pt x 950.55125pt>
File: sources/Wheat_Field_Under_Clouded_Sky.jpg Graphic file (type jpg)
<use sources/Wheat_Field_Under_Clouded_Sky.jpg>
Package luatex.def Info: sources/Wheat_Field_Under_Clouded_Sky.jpg  used on inpu
t line 10.
(luatex.def)             Requested size: 435.32422pt x 214.70604pt.

[1



{C:/Users/EladT/AppData/Local/MiKTeX/2.9/pdftex/config/pdftex.map}<./sources/Whe
at_Field_Under_Clouded_Sky.jpg>] ("./seminar in algebra.toc"
LaTeX Font Info:    Try loading font information for U+msa on input line 2.

("C:/Users/EladT/AppData/Local/Programs/MiKTeX 2.9/tex/latex/amsfonts/umsa.fd"
File: umsa.fd 2013/01/14 v3.01 AMS symbols A
)
LaTeX Font Info:    Try loading font information for U+msb on input line 2.
("C:/Users/EladT/AppData/Local/Programs/MiKTeX 2.9/tex/latex/amsfonts/umsb.fd"
File: umsb.fd 2013/01/14 v3.01 AMS symbols B
)
LaTeX Font Info:    Try loading font information for U+rsfs on input line 2.
("C:/Users/EladT/AppData/Local/Programs/MiKTeX 2.9/tex/latex/jknappen/ursfs.fd"
File: ursfs.fd 1998/03/24 rsfs font definition file (jk)
))
\tf@toc=\write5

\openout5 = seminar in algebra.toc
\c@lecturenumber=\count361
 [2

] [3

] [4

]
\tf@thm=\write6

\openout6 = seminar in algebra.thm
Package atveryend Info: Empty hook `BeforeClearDocument' on input line 41.
Package atveryend Info: Empty hook `AfterLastShipout' on input line 41.
 ("./seminar in algebra.aux")
Package atveryend Info: Executing hook `AtVeryEndDocument' on input line 41.
Package atveryend Info: Executing hook `AtEndAfterFileList' on input line 41.
Package rerunfilecheck Info: File `"seminar in algebra".out' has not changed.
(rerunfilecheck)             Checksum: <no file>.
Package atveryend Info: Empty hook `AtVeryVeryEnd' on input line 41.
)

Here is how much of LuaTeX's memory you used:
 19796 strings out of 494407
 100000,552014 words of node,token memory allocated
 568 words of node memory still in use:
   6 hlist, 2 vlist, 2 rule, 2 glue, 4 kern, 1 glyph, 8 attribute, 67 glue_spec,
 8 attribute_list, 2 write nodes
   avail lists: 1:1,2:201,3:55,4:18,5:67,6:15,7:668,8:10,9:64,10:8,11:43
 23541 multiletter control sequences out of 65536+200000
 57 fonts using 8252183 bytes
 47i,11n,65p,941b,443s stack positions out of 5000i,500n,10000p,200000b,50000s
<c:/users/eladt/appdata/local/programs/miktex 2.9/fonts/opentype/public/lm/lmrom
an10-italic.otf><c:/users/eladt/appdata/local/programs/miktex 2.9/fonts/opentype
/public/lm/lmroman10-bold.otf><c:/users/eladt/appdata/local/programs/miktex 2.9/
fonts/opentype/public/lm/lmroman12-regular.otf><c:/users/eladt/appdata/local/pro
grams/miktex 2.9/fonts/opentype/public/lm/lmroman10-regular.otf><c:/users/eladt/
appdata/local/programs/miktex 2.9/fonts/opentype/public/lm/lmroman12-italic.otf>
<c:/users/eladt/appdata/local/programs/miktex 2.9/fonts/opentype/public/lm/lmrom
an12-bold.otf>
Output written on seminar in algebra.pdf (4 pages, 425563 bytes).

PDF statistics: 87 PDF objects out of 1000 (max. 8388607)
 10 named destinations out of 1000 (max. 131072)
 25 words of extra memory for PDF output out of 10000 (max. 100000000)

