\BOOKMARK [0][-]{chapter*.3}{Preface}{}% 1
\BOOKMARK [1][-]{section*.4}{Technicalities}{chapter*.3}% 2
\BOOKMARK [1][-]{section*.5}{Course\040Literature}{chapter*.3}% 3
\BOOKMARK [-1][-]{part.1}{I\040Lie\040Algebras}{}% 4
\BOOKMARK [0][-]{chapter.1}{Preliminaries}{part.1}% 5
\BOOKMARK [1][-]{section.1.1}{Basic\040definitions}{chapter.1}% 6
\BOOKMARK [1][-]{section.1.2}{Structure\040constants}{chapter.1}% 7
\BOOKMARK [1][-]{section.1.3}{Linear\040representations}{chapter.1}% 8
\BOOKMARK [1][-]{section.1.4}{Sub-algebras\040and\040ideals}{chapter.1}% 9
\BOOKMARK [0][-]{chapter.2}{Structure\040of\040Lie\040algebras}{part.1}% 10
\BOOKMARK [1][-]{section.2.1}{Nilpotent\040Lie\040algebras}{chapter.2}% 11
\BOOKMARK [2][-]{subsection.2.1.1}{Flags}{section.2.1}% 12
\BOOKMARK [1][-]{section.2.2}{Solvable\040Lie\040algebras}{chapter.2}% 13
\BOOKMARK [0][-]{chapter.3}{Jordan-Chevalley\040decomposition}{part.1}% 14
\BOOKMARK [1][-]{section.3.1}{The\040Chinese\040remainder\040theorem}{chapter.3}% 15
\BOOKMARK [1][-]{section.3.2}{Decomposition\040of\040vector\040spaces}{chapter.3}% 16
\BOOKMARK [0][-]{chapter.4}{Cartan's\040criterion\040for\040semi-simplicity}{part.1}% 17
\BOOKMARK [1][-]{section.4.1}{Preliminary\040results}{chapter.4}% 18
\BOOKMARK [1][-]{section.4.2}{Cartan's\040criterion}{chapter.4}% 19
\BOOKMARK [0][-]{chapter.5}{Killing\040form}{part.1}% 20
\BOOKMARK [1][-]{section.5.1}{Some\040properties\040of\040the\040Killing\040form}{chapter.5}% 21
\BOOKMARK [0][-]{chapter.6}{Derivations\040of\040simple\040algebras}{part.1}% 22
\BOOKMARK [0][-]{chapter.7}{Toral\040subalgebras}{part.1}% 23
\BOOKMARK [1][-]{section.7.1}{Orthogonality\040of\040root\040systems}{chapter.7}% 24
\BOOKMARK [1][-]{section.7.2}{Rationality\040properties\040of\040the\040root\040system}{chapter.7}% 25
\BOOKMARK [1][-]{section.7.3}{Geometry\040of\040Euclidean\040root\040systems}{chapter.7}% 26
\BOOKMARK [1][-]{section.7.4}{Pairs\040of\040roots\040in\040a\040root\040system}{chapter.7}% 27
\BOOKMARK [1][-]{section.7.5}{The\040action\040of\040the\040reflection\040\040on\040the\040-chain\040through\040}{chapter.7}% 28
\BOOKMARK [0][-]{chapter.8}{The\040classification\040of\040simple\040Lie\040algebras\040over\040an\040algebraically\040closed\040field\040of\040characteristic\0400}{part.1}% 29
\BOOKMARK [1][-]{section.8.1}{Coxeter\040graphs\040and\040Dynkin\040diagrams}{chapter.8}% 30
\BOOKMARK [1][-]{section.8.2}{Classification\040of\040connected\040Coxeter\040graphs}{chapter.8}% 31
